Fatal signal: Segmentation fault
----- Backtrace -----
0x556f71c97f50 gdb_internal_backtrace_1
        ../../gdb/bt-utils.c:121
0x556f71c97f50 _Z22gdb_internal_backtracev
        ../../gdb/bt-utils.c:167
0x556f71dab3ee handle_fatal_signal
        ../../gdb/event-top.c:916
0x556f71dab5a8 handle_sigsegv
        ../../gdb/event-top.c:989
0x7f89fcb1d51f ???
        ./signal/../sysdeps/unix/sysv/linux/x86_64/libc_sigaction.c:0
0x556f71f210c7 _ZNKSt10_HashtableIP7gdbarchSt4pairIKS1_17remote_arch_stateESaIS5_ENSt8__detail10_Select1stESt8equal_toIS1_ESt4hashIS1_ENS7_18_Mod_range_hashingENS7_20_Default_ranged_hashENS7_20_Prime_rehash_policyENS7_17_Hashtable_traitsILb0ELb0ELb1EEEE19_M_find_before_nodeEmRS3_m
        /usr/include/c++/11/bits/hashtable.h:1837
0x556f71f210c7 _ZNKSt10_HashtableIP7gdbarchSt4pairIKS1_17remote_arch_stateESaIS5_ENSt8__detail10_Select1stESt8equal_toIS1_ESt4hashIS1_ENS7_18_Mod_range_hashingENS7_20_Default_ranged_hashENS7_20_Prime_rehash_policyENS7_17_Hashtable_traitsILb0ELb0ELb1EEEE12_M_find_nodeEmRS3_m
        /usr/include/c++/11/bits/hashtable.h:810
0x556f71f210c7 _ZNSt10_HashtableIP7gdbarchSt4pairIKS1_17remote_arch_stateESaIS5_ENSt8__detail10_Select1stESt8equal_toIS1_ESt4hashIS1_ENS7_18_Mod_range_hashingENS7_20_Default_ranged_hashENS7_20_Prime_rehash_policyENS7_17_Hashtable_traitsILb0ELb0ELb1EEEE4findERS3_
        /usr/include/c++/11/bits/hashtable.h:1595
0x556f71f210c7 _ZNSt13unordered_mapIP7gdbarch17remote_arch_stateSt4hashIS1_ESt8equal_toIS1_ESaISt4pairIKS1_S2_EEE4findERS8_
        /usr/include/c++/11/bits/unordered_map.h:869
0x556f71f210c7 _ZN12remote_state21get_remote_arch_stateEP7gdbarch
        ../../gdb/remote.c:1768
0x556f71f21fbf _ZN13remote_target16get_remote_stateEv
        ../../gdb/remote.c:1797
0x556f71f21fbf _ZN13remote_target26remote_serial_quit_handlerEv
        ../../gdb/remote.c:6073
0x556f71fdff4e _Z11target_readP10target_ops13target_objectPKcPhml
        ../../gdb/target.c:1980
0x556f71fe00f8 _Z16target_read_codemPhl
        ../../gdb/target.c:1823
0x556f71d2913e operator()
        ../../gdb/disasm.c:202
0x556f71d2913e catch_exceptions<int, -1, gdb_disassembler_memory_reader::dis_asm_read_memory(bfd_vma, gdb_byte*, unsigned int, disassemble_info*)::<lambda()> >
        ../../gdb/event-top.h:96
0x556f71d2913e _ZN30gdb_disassembler_memory_reader19dis_asm_read_memoryEmPhjP16disassemble_info
        ../../gdb/disasm.c:200
0x556f720ded52 print_insn_riscv
        ../../opcodes/riscv-dis.c:1322
0x556f71c401ef _Z18default_print_insnmP16disassemble_info
        ../../gdb/arch-utils.c:1044
0x556f71d2a315 gdb_print_insn_1
        ../../gdb/disasm.c:1107
0x556f71d2a315 _ZN16gdb_disassembler10print_insnEmPi
        ../../gdb/disasm.c:1124
0x556f71d2a7cb _Z14gdb_print_insnP7gdbarchmP7ui_filePi
        ../../gdb/disasm.c:1231
0x556f72006be2 tui_disassemble
        ../../gdb/tui/tui-disasm.c:121
0x556f720071fb _ZN17tui_disasm_window12set_contentsEP7gdbarchRK15symtab_and_line
        ../../gdb/tui/tui-disasm.c:348
0x556f7201ff20 _ZN22tui_source_window_base26update_source_window_as_isEP7gdbarchRK15symtab_and_line
        ../../gdb/tui/tui-winsource.c:166
0x556f72020168 _ZN22tui_source_window_base20update_source_windowEP7gdbarchRK15symtab_and_line
        ../../gdb/tui/tui-winsource.c:155
0x556f72020168 _Z35tui_update_source_windows_with_addrP7gdbarchm
        ../../gdb/tui/tui-winsource.c:202
0x556f720202d2 _Z16tui_display_mainv
        ../../gdb/tui/tui-winsource.c:59
0x556f720090d0 tui_inferior_exit
        ../../gdb/tui/tui-hooks.c:167
0x556f71e05659 _ZNKSt8functionIFvP8inferiorEEclES1_
        /usr/include/c++/11/bits/std_function.h:590
0x556f71e05659 _ZNK3gdb9observers10observableIJP8inferiorEE6notifyES3_
        ../../gdb/../gdbsupport/observable.h:166
0x556f71e05659 notify_inferior_disappeared
        ../../gdb/inferior.c:312
0x556f71e05659 _Z13exit_inferiorP8inferior
        ../../gdb/inferior.c:322
0x556f71fdd217 _Z22generic_mourn_inferiorv
        ../../gdb/target.c:3617
0x556f71f1d65e remote_unpush_target
        ../../gdb/remote.c:6124
0x556f71bdea80 _ZN13remote_target19remote_serial_writeEPKci
        ../../gdb/remote.c:9946
0x556f71f2528e _ZN13remote_target13putpkt_binaryEPKci
        ../../gdb/remote.c:10113
0x556f71f378bc _ZN13remote_target6putpktEPKc
        ../../gdb/remote.c:9991
0x556f71f378bc _ZN13remote_target6putpktERKSt6vectorIcN3gdb22default_init_allocatorIcSaIcEEEE
        ../../gdb/remote.c:1348
0x556f71f378bc _ZN13remote_target19remote_read_bytes_1EmPhmiPm
        ../../gdb/remote.c:9653
0x556f71fdf213 _Z23raw_memory_xfer_partialP10target_opsPhPKhmlPm
        ../../gdb/target.c:1456
0x556f71fdfdfa _Z19target_xfer_partialP10target_ops13target_objectPKcPhPKhmmPm
        ../../gdb/target.c:1690
0x556f71fdff80 target_read_partial
        ../../gdb/target.c:1928
0x556f71fdff80 _Z11target_readP10target_ops13target_objectPKcPhml
        ../../gdb/target.c:1969
0x556f71fe0058 _Z22target_read_raw_memorymPhl
        ../../gdb/target.c:1795
0x556f71d262b0 dcache_read_line
        ../../gdb/dcache.c:340
0x556f71d262b0 dcache_peek_byte
        ../../gdb/dcache.c:407
0x556f71d262b0 _Z26dcache_read_memory_partialP10target_opsP13dcache_structmPhmPm
        ../../gdb/dcache.c:491
0x556f71fdfa07 memory_xfer_partial
        ../../gdb/target.c:1618
0x556f71fdfa07 _Z19target_xfer_partialP10target_ops13target_objectPKcPhPKhmmPm
        ../../gdb/target.c:1675
0x556f71fdff80 target_read_partial
        ../../gdb/target.c:1928
0x556f71fdff80 _Z11target_readP10target_ops13target_objectPKcPhml
        ../../gdb/target.c:1969
0x556f71fe00f8 _Z16target_read_codemPhl
        ../../gdb/target.c:1823
0x556f71d2913e operator()
        ../../gdb/disasm.c:202
0x556f71d2913e catch_exceptions<int, -1, gdb_disassembler_memory_reader::dis_asm_read_memory(bfd_vma, gdb_byte*, unsigned int, disassemble_info*)::<lambda()> >
        ../../gdb/event-top.h:96
0x556f71d2913e _ZN30gdb_disassembler_memory_reader19dis_asm_read_memoryEmPhjP16disassemble_info
        ../../gdb/disasm.c:200
0x556f720ded52 print_insn_riscv
        ../../opcodes/riscv-dis.c:1322
0x556f71c401ef _Z18default_print_insnmP16disassemble_info
        ../../gdb/arch-utils.c:1044
0x556f71d2a315 gdb_print_insn_1
        ../../gdb/disasm.c:1107
0x556f71d2a315 _ZN16gdb_disassembler10print_insnEmPi
        ../../gdb/disasm.c:1124
0x556f71d2a7cb _Z14gdb_print_insnP7gdbarchmP7ui_filePi
        ../../gdb/disasm.c:1231
0x556f72006be2 tui_disassemble
        ../../gdb/tui/tui-disasm.c:121
0x556f720071fb _ZN17tui_disasm_window12set_contentsEP7gdbarchRK15symtab_and_line
        ../../gdb/tui/tui-disasm.c:348
0x556f7201ff20 _ZN22tui_source_window_base26update_source_window_as_isEP7gdbarchRK15symtab_and_line
        ../../gdb/tui/tui-winsource.c:166
0x556f7200822e _ZN17tui_disasm_window18do_scroll_verticalEi
        ../../gdb/tui/tui-disasm.c:464
0x556f7200822e _ZN17tui_disasm_window18do_scroll_verticalEi
        ../../gdb/tui/tui-disasm.c:453
0x556f720104a2 tui_dispatch_mouse_event
        ../../gdb/tui/tui-io.c:979
0x556f720104a2 tui_getc_1
        ../../gdb/tui/tui-io.c:1134
0x556f720104a2 tui_getc
        ../../gdb/tui/tui-io.c:1265
0x556f720d1eff rl_read_key
        ../../../readline/readline/input.c:514
0x556f720b4e89 readline_internal_char
        ../../../readline/readline/readline.c:589
0x556f720d268c rl_callback_read_char
        ../../../readline/readline/callback.c:264
0x556f71dabacd gdb_rl_callback_read_char_wrapper_noexcept
        ../../gdb/event-top.c:196
0x556f71dac993 gdb_rl_callback_read_char_wrapper
        ../../gdb/event-top.c:235
0x556f7202a72f stdin_event_handler
        ../../gdb/ui.c:154
0x556f721c5aa5 gdb_wait_for_event
        ../../gdbsupport/event-loop.cc:672
0x556f721c645f gdb_wait_for_event
        ../../gdbsupport/event-loop.cc:571
0x556f721c645f _Z16gdb_do_one_eventi
        ../../gdbsupport/event-loop.cc:263
0x556f71e533b9 start_event_loop
        ../../gdb/main.c:400
0x556f71e533b9 captured_command_loop
        ../../gdb/main.c:464
0x556f71e55714 captured_main
        ../../gdb/main.c:1337
0x556f71e55714 _Z8gdb_mainP18captured_main_args
        ../../gdb/main.c:1356
0x556f71be9c9b main
        ../../gdb/gdb.c:38
---------------------
A fatal error internal to GDB has been detected, further
debugging is not possible.  GDB will now terminate.

This is a bug, please report it.  For instructions, see:
<https://www.gnu.org/software/gdb/bugs/>.

Segmentation fault
